<?xml version="1.0" encoding="UTF-8"?>
<!-- Generated by org.testng.reporters.JUnitReportReporter -->
<testsuite hostname="SumedhKrishna" failures="0" tests="1" name="testCases.AmazonCartTestCase" time="72.493" errors="0" timestamp="2023-08-29T22:43:12 EDT" skipped="0">
  <testcase classname="testCases.AmazonCartTestCase" name="amazonCartTest" time="72.493"/>
  <system-out/>
</testsuite> <!-- testCases.AmazonCartTestCase -->
